00:00:00.404470 VirtualBox GUI VM Selector Window 6.1.18 r142142 linux.amd64 (Jan  7 2021 16:59:21) release log
00:00:00.404472 Log opened 2021-06-27T01:01:23.056364000Z
00:00:00.404472 Build Type: release
00:00:00.404476 OS Product: Linux
00:00:00.404476 OS Release: 5.10.0-7-amd64
00:00:00.404477 OS Version: #1 SMP Debian 5.10.40-1 (2021-05-28)
00:00:00.404494 DMI Product Name: 81VV
00:00:00.404498 DMI Product Version: Lenovo IdeaPad S340-14IIL
00:00:00.404504 Firmware type: UEFI
00:00:00.405162 Secure Boot: Disabled
00:00:00.405226 Host RAM: 7640MB (7.4GB) total, 7090MB (6.9GB) available
00:00:00.405231 Executable: /usr/lib/virtualbox/VirtualBox
00:00:00.405232 Process ID: 2348
00:00:00.405232 Package type: LINUX_64BITS_DEBIAN_10_0
00:00:00.405267 Qt version: 5.15.2
00:00:00.462552 GUI: UIMediumEnumerator: Medium-enumeration started...
00:00:06.194260 GUI: UIDesktopWidgetWatchdog::sltHandleHostScreenAvailableGeometryCalculated: Screen 0 work area is actually resized to: 6x28 x 940x1038
00:00:06.202768 GUI: UIMediumEnumerator: Medium-enumeration finished!
00:00:21.601900 ERROR [COM]: aRC=NS_ERROR_UNEXPECTED (0x8000ffff) aIID={c0447716-ff5a-4795-b57a-ecd5fffa18a4} aComponent={SessionWrap} aText={The session is not locked (session state: Unlocked)}, preserve=false aResultDetail=0
00:00:43.551093 ERROR [COM]: aRC=NS_ERROR_UNEXPECTED (0x8000ffff) aIID={c0447716-ff5a-4795-b57a-ecd5fffa18a4} aComponent={SessionWrap} aText={The session is not locked (session state: Unlocked)}, preserve=false aResultDetail=0
00:00:56.933815 ERROR [COM]: aRC=NS_ERROR_UNEXPECTED (0x8000ffff) aIID={c0447716-ff5a-4795-b57a-ecd5fffa18a4} aComponent={SessionWrap} aText={The session is not locked (session state: Unlocked)}, preserve=false aResultDetail=0
00:01:12.380166 ERROR [COM]: aRC=NS_ERROR_UNEXPECTED (0x8000ffff) aIID={c0447716-ff5a-4795-b57a-ecd5fffa18a4} aComponent={SessionWrap} aText={The session is not locked (session state: Unlocked)}, preserve=false aResultDetail=0
00:02:15.528488 GUI: UIMediumEnumerator: Medium-enumeration finished!
00:02:28.127440 ERROR [COM]: aRC=NS_ERROR_UNEXPECTED (0x8000ffff) aIID={c0447716-ff5a-4795-b57a-ecd5fffa18a4} aComponent={SessionWrap} aText={The session is not locked (session state: Unlocked)}, preserve=false aResultDetail=0
00:02:40.877900 GUI: UIMediumEnumerator: Medium-enumeration finished!
00:04:37.990433 ERROR [COM]: aRC=NS_ERROR_UNEXPECTED (0x8000ffff) aIID={c0447716-ff5a-4795-b57a-ecd5fffa18a4} aComponent={SessionWrap} aText={The session is not locked (session state: Unlocked)}, preserve=false aResultDetail=0
00:07:53.799286 ERROR [COM]: aRC=NS_ERROR_UNEXPECTED (0x8000ffff) aIID={c0447716-ff5a-4795-b57a-ecd5fffa18a4} aComponent={SessionWrap} aText={The session is not locked (session state: Unlocked)}, preserve=false aResultDetail=0
00:07:58.775641 GUI: UIMediumEnumerator: Medium-enumeration finished!
00:08:13.706967 GUI: UIMediumEnumerator: Medium-enumeration finished!
