00:00:00.000940 main     VirtualBox XPCOM Server 6.1.18 r142142 linux.amd64 (Jan  7 2021 16:59:21) release log
00:00:00.000942 main     Log opened 2021-06-27T01:01:22.850330000Z
00:00:00.000943 main     Build Type: release
00:00:00.000946 main     OS Product: Linux
00:00:00.000947 main     OS Release: 5.10.0-7-amd64
00:00:00.000947 main     OS Version: #1 SMP Debian 5.10.40-1 (2021-05-28)
00:00:00.000967 main     DMI Product Name: 81VV
00:00:00.000972 main     DMI Product Version: Lenovo IdeaPad S340-14IIL
00:00:00.000977 main     Firmware type: UEFI
00:00:00.001744 main     Secure Boot: Disabled
00:00:00.001813 main     Host RAM: 7640MB (7.4GB) total, 7088MB (6.9GB) available
00:00:00.001818 main     Executable: /usr/lib/virtualbox/VBoxSVC
00:00:00.001818 main     Process ID: 2410
00:00:00.001818 main     Package type: LINUX_64BITS_DEBIAN_10_0
00:00:00.003034 main     IPC socket path: /tmp/.vbox-camilo-ipc/ipcd
00:00:00.106691 nspr-2   VirtualBox: object creation starts
00:00:00.106989 nspr-2   Home directory: '/home/camilo/.config/VirtualBox'
00:00:00.107704 nspr-2   Loading settings file "/home/camilo/.config/VirtualBox/VirtualBox.xml" with version "1.14-linux"
00:00:00.111684 nspr-2   USB: Unknown USB device detected (idVendor: 0x8087, idProduct: 0x0aaa)
00:00:00.111879 nspr-2   Successfully initialised host USB using sysfs
00:00:00.149116 nspr-2   HostDnsMonitor: initializing
00:00:00.149260 nspr-2   HostDnsMonitor: updating information
00:00:00.149263 nspr-2   HostDnsMonitor: unchanged
00:00:00.154604 nspr-2   VD: VDInit finished with VINF_SUCCESS
00:00:00.160689 nspr-2   ERROR [COM]: aRC=NS_ERROR_FAILURE (0x80004005) aIID={85632c68-b5bb-4316-a900-5eb28d3413df} aComponent={MachineWrap} aText={Runtime error opening '/home/camilo/VirtualBox VMs/macOS_Catalina_10_15_ISO/macOS_Catalina_10_15_ISO.vbox' for reading: -102 (File not found.).
00:00:00.160694 nspr-2   /home/vbox/vbox-6.1.18/src/VBox/Main/src-server/MachineImpl.cpp[754] (nsresult Machine::i_registeredInit())}, preserve=false aResultDetail=0
00:00:00.161613 nspr-2   Loading settings file "/home/camilo/VirtualBox VMs/Kali-Linux-2021.1-vbox-amd64/Kali-Linux-2021.1-vbox-amd64.vbox" with version "1.16-linux"
00:00:00.162251 nspr-2   Loading settings file "/home/camilo/VirtualBox VMs/Gentoo2/Gentoo2.vbox" with version "1.16-linux"
00:00:00.163896 nspr-2   OCI: Local config file '/home/camilo/.config/VirtualBox/oci_config' does not exist
00:00:00.163908 nspr-2   OCI: Original config file '/home/camilo/.oci/config' does not exist
00:00:00.163910 nspr-2   OCI: Reading profiles finished with status NS_OK
00:00:00.164063 nspr-2   ExtPack: Created cloud provider 'OCI' (hrc=NS_OK)
00:00:00.164071 nspr-2   VirtualBox: object created
00:00:05.877901 nspr-2   ERROR [COM]: aRC=NS_ERROR_FAILURE (0x80004005) aIID={85632c68-b5bb-4316-a900-5eb28d3413df} aComponent={MachineWrap} aText={Runtime error opening '/home/camilo/VirtualBox VMs/macOS_Catalina_10_15_ISO/macOS_Catalina_10_15_ISO.vbox' for reading: -102 (File not found.).
00:00:05.877906 nspr-2   /home/vbox/vbox-6.1.18/src/VBox/Main/src-server/MachineImpl.cpp[754] (nsresult Machine::i_registeredInit())}, preserve=false aResultDetail=0
00:00:05.878070 nspr-2   ERROR [COM]: aRC=NS_ERROR_FAILURE (0x80004005) aIID={85632c68-b5bb-4316-a900-5eb28d3413df} aComponent={MachineWrap} aText={Runtime error opening '/home/camilo/VirtualBox VMs/macOS_Catalina_10_15_ISO/macOS_Catalina_10_15_ISO.vbox' for reading: -102 (File not found.).
00:00:05.878071 nspr-2   /home/vbox/vbox-6.1.18/src/VBox/Main/src-server/MachineImpl.cpp[754] (nsresult Machine::i_registeredInit())}, preserve=false aResultDetail=0
00:00:05.878427 nspr-2   ERROR [COM]: aRC=NS_ERROR_FAILURE (0x80004005) aIID={85632c68-b5bb-4316-a900-5eb28d3413df} aComponent={MachineWrap} aText={Runtime error opening '/home/camilo/VirtualBox VMs/macOS_Catalina_10_15_ISO/macOS_Catalina_10_15_ISO.vbox' for reading: -102 (File not found.).
00:00:05.878428 nspr-2   /home/vbox/vbox-6.1.18/src/VBox/Main/src-server/MachineImpl.cpp[754] (nsresult Machine::i_registeredInit())}, preserve=false aResultDetail=0
00:00:05.900277 nspr-2   ERROR [COM]: aRC=E_ACCESSDENIED (0x80070005) aIID={85632c68-b5bb-4316-a900-5eb28d3413df} aComponent={MachineWrap} aText={The object functionality is limited}, preserve=false aResultDetail=0
00:00:05.900299 nspr-2   ERROR [COM]: aRC=VBOX_E_OBJECT_NOT_FOUND (0x80bb0001) aIID={d0a0163f-e254-4e5b-a1f2-011cf991c38d} aComponent={VirtualBoxWrap} aText={Could not find a registered machine named 'macOS_Catalina_10_15_ISO'}, preserve=false aResultDetail=0
00:00:06.223410 MainPower Host resumed: Resumed 0 VMs
00:00:09.319360 nspr-2   Launched VM: 1275077344 pid: 3015 (0xbc7) frontend: GUI/Qt name: Gentoo2
00:00:10.088996 nspr-4   Load [/usr/lib/virtualbox/ExtensionPacks/Oracle_VM_VirtualBox_Extension_Pack/linux.amd64/VBoxHostWebcam.so] vrc=VINF_SUCCESS
00:00:10.268741 nspr-3   ERROR [COM]: aRC=VBOX_E_IPRT_ERROR (0x80bb0005) aIID={85632c68-b5bb-4316-a900-5eb28d3413df} aComponent={SessionMachine} aText={Saved screenshot data is not available (VERR_NOT_SUPPORTED)}, preserve=false aResultDetail=-37
00:00:10.277001 nspr-3   NetIfAdpCtlOut: VBoxNetAdpCtl: Error while retrieving link speed for wlp0s20f3: VBoxNetAdpCtl: ioctl failed: Operation not supported
00:00:10.285583 nspr-6   Saving settings file "/home/camilo/VirtualBox VMs/Gentoo2/Gentoo2.vbox" with version "1.16-linux"
00:00:10.292051 nspr-7   ERROR [COM]: aRC=NS_ERROR_FAILURE (0x80004005) aIID={ad47ad09-787b-44ab-b343-a082a3f2dfb1} aComponent={MediumWrap} aText={Could not open the medium '/home/camilo/VirtualBox VMs/Gentoo2/Snapshots/{41971867-46a2-4261-884d-dada8617e324}.vdi'.
00:00:10.292055 nspr-7   VD: error VERR_FILE_NOT_FOUND opening image file '/home/camilo/VirtualBox VMs/Gentoo2/Snapshots/{41971867-46a2-4261-884d-dada8617e324}.vdi' (VERR_FILE_NOT_FOUND)}, preserve=true  aResultDetail=0
00:00:10.293591 nspr-6   Saving settings file "/home/camilo/VirtualBox VMs/Gentoo2/Gentoo2.vbox" with version "1.16-linux"
00:00:28.507669 nspr-4   NetIfAdpCtlOut: VBoxNetAdpCtl: Error while retrieving link speed for wlp0s20f3: VBoxNetAdpCtl: ioctl failed: Operation not supported
00:00:28.508495 nspr-2   ERROR [COM]: aRC=E_ACCESSDENIED (0x80070005) aIID={85632c68-b5bb-4316-a900-5eb28d3413df} aComponent={MachineWrap} aText={The object functionality is limited}, preserve=false aResultDetail=0
00:00:28.509629 nspr-6   NetIfAdpCtlOut: VBoxNetAdpCtl: Error while retrieving link speed for wlp0s20f3: VBoxNetAdpCtl: ioctl failed: Operation not supported
00:00:28.510137 nspr-3   ERROR [COM]: aRC=E_ACCESSDENIED (0x80070005) aIID={85632c68-b5bb-4316-a900-5eb28d3413df} aComponent={MachineWrap} aText={The object functionality is limited}, preserve=false aResultDetail=0
00:00:39.719526 nspr-4   Launched VM: 1275081632 pid: 3619 (0xe23) frontend: GUI/Qt name: Gentoo2
00:00:40.527828 nspr-5   Load [/usr/lib/virtualbox/ExtensionPacks/Oracle_VM_VirtualBox_Extension_Pack/linux.amd64/VBoxHostWebcam.so] vrc=VINF_SUCCESS
00:00:40.706793 nspr-5   ERROR [COM]: aRC=VBOX_E_IPRT_ERROR (0x80bb0005) aIID={85632c68-b5bb-4316-a900-5eb28d3413df} aComponent={SessionMachine} aText={Saved screenshot data is not available (VERR_NOT_SUPPORTED)}, preserve=false aResultDetail=-37
00:00:40.715127 nspr-5   NetIfAdpCtlOut: VBoxNetAdpCtl: Error while retrieving link speed for wlp0s20f3: VBoxNetAdpCtl: ioctl failed: Operation not supported
00:00:40.733386 nspr-3   Saving settings file "/home/camilo/VirtualBox VMs/Gentoo2/Gentoo2.vbox" with version "1.16-linux"
00:00:40.741343 nspr-3   ERROR [COM]: aRC=NS_ERROR_FAILURE (0x80004005) aIID={ad47ad09-787b-44ab-b343-a082a3f2dfb1} aComponent={MediumWrap} aText={Could not open the medium '/home/camilo/VirtualBox VMs/Gentoo2/Snapshots/{41971867-46a2-4261-884d-dada8617e324}.vdi'.
00:00:40.741348 nspr-3   VD: error VERR_FILE_NOT_FOUND opening image file '/home/camilo/VirtualBox VMs/Gentoo2/Snapshots/{41971867-46a2-4261-884d-dada8617e324}.vdi' (VERR_FILE_NOT_FOUND)}, preserve=true  aResultDetail=0
00:00:40.742463 nspr-5   Saving settings file "/home/camilo/VirtualBox VMs/Gentoo2/Gentoo2.vbox" with version "1.16-linux"
00:00:53.174088 nspr-3   Launched VM: 872517536 pid: 3870 (0xf1e) frontend: GUI/Qt name: Gentoo2
00:00:53.913514 nspr-5   Load [/usr/lib/virtualbox/ExtensionPacks/Oracle_VM_VirtualBox_Extension_Pack/linux.amd64/VBoxHostWebcam.so] vrc=VINF_SUCCESS
00:00:54.089910 nspr-5   ERROR [COM]: aRC=VBOX_E_IPRT_ERROR (0x80bb0005) aIID={85632c68-b5bb-4316-a900-5eb28d3413df} aComponent={SessionMachine} aText={Saved screenshot data is not available (VERR_NOT_SUPPORTED)}, preserve=false aResultDetail=-37
00:00:54.096675 nspr-5   NetIfAdpCtlOut: VBoxNetAdpCtl: Error while retrieving link speed for wlp0s20f3: VBoxNetAdpCtl: ioctl failed: Operation not supported
00:00:54.110951 nspr-3   Saving settings file "/home/camilo/VirtualBox VMs/Gentoo2/Gentoo2.vbox" with version "1.16-linux"
00:00:54.119229 nspr-3   ERROR [COM]: aRC=NS_ERROR_FAILURE (0x80004005) aIID={ad47ad09-787b-44ab-b343-a082a3f2dfb1} aComponent={MediumWrap} aText={Could not open the medium '/home/camilo/VirtualBox VMs/Gentoo2/Snapshots/{41971867-46a2-4261-884d-dada8617e324}.vdi'.
00:00:54.119233 nspr-3   VD: error VERR_FILE_NOT_FOUND opening image file '/home/camilo/VirtualBox VMs/Gentoo2/Snapshots/{41971867-46a2-4261-884d-dada8617e324}.vdi' (VERR_FILE_NOT_FOUND)}, preserve=true  aResultDetail=0
00:00:54.120064 nspr-5   Saving settings file "/home/camilo/VirtualBox VMs/Gentoo2/Gentoo2.vbox" with version "1.16-linux"
00:01:11.676643 nspr-4   Launched VM: 1275090160 pid: 4202 (0x106a) frontend: separate name: Gentoo2
00:01:11.901871 nspr-8   Launched VM: 469766848 pid: 4218 (0x107a) frontend: headless name: Gentoo2
00:01:11.945488 nspr-6   Saving settings file "/home/camilo/VirtualBox VMs/Gentoo2/Gentoo2.vbox" with version "1.16-linux"
00:01:11.951568 nspr-8   ERROR [COM]: aRC=NS_ERROR_FAILURE (0x80004005) aIID={ad47ad09-787b-44ab-b343-a082a3f2dfb1} aComponent={MediumWrap} aText={Could not open the medium '/home/camilo/VirtualBox VMs/Gentoo2/Snapshots/{41971867-46a2-4261-884d-dada8617e324}.vdi'.
00:01:11.951573 nspr-8   VD: error VERR_FILE_NOT_FOUND opening image file '/home/camilo/VirtualBox VMs/Gentoo2/Snapshots/{41971867-46a2-4261-884d-dada8617e324}.vdi' (VERR_FILE_NOT_FOUND)}, preserve=true  aResultDetail=0
00:01:11.952190 nspr-5   Saving settings file "/home/camilo/VirtualBox VMs/Gentoo2/Gentoo2.vbox" with version "1.16-linux"
00:01:57.310385 nspr-5   NetIfAdpCtlOut: VBoxNetAdpCtl: Error while retrieving link speed for wlp0s20f3: VBoxNetAdpCtl: ioctl failed: Operation not supported
00:01:57.311348 nspr-8   ERROR [COM]: aRC=E_ACCESSDENIED (0x80070005) aIID={85632c68-b5bb-4316-a900-5eb28d3413df} aComponent={MachineWrap} aText={The object functionality is limited}, preserve=false aResultDetail=0
00:01:57.312618 nspr-3   NetIfAdpCtlOut: VBoxNetAdpCtl: Error while retrieving link speed for wlp0s20f3: VBoxNetAdpCtl: ioctl failed: Operation not supported
00:01:57.313269 nspr-7   ERROR [COM]: aRC=E_ACCESSDENIED (0x80070005) aIID={85632c68-b5bb-4316-a900-5eb28d3413df} aComponent={MachineWrap} aText={The object functionality is limited}, preserve=false aResultDetail=0
00:02:15.287919 nspr-4   ERROR [COM]: aRC=E_ACCESSDENIED (0x80070005) aIID={85632c68-b5bb-4316-a900-5eb28d3413df} aComponent={MachineWrap} aText={The object functionality is limited}, preserve=false aResultDetail=0
00:02:15.288776 nspr-4   ERROR [COM]: aRC=VBOX_E_OBJECT_NOT_FOUND (0x80bb0001) aIID={85632c68-b5bb-4316-a900-5eb28d3413df} aComponent={SessionMachine} aText={No storage device attached to device slot 0 on port 0 of controller 'SATA'}, preserve=false aResultDetail=0
00:02:15.303320 nspr-4   Saving settings file "/home/camilo/VirtualBox VMs/Gentoo2/Gentoo2.vbox" with version "1.16-linux"
00:02:17.661297 nspr-5   Launched VM: 805334112 pid: 5293 (0x14ad) frontend: GUI/Qt name: Gentoo2
00:02:18.407670 nspr-4   Load [/usr/lib/virtualbox/ExtensionPacks/Oracle_VM_VirtualBox_Extension_Pack/linux.amd64/VBoxHostWebcam.so] vrc=VINF_SUCCESS
00:02:18.590539 nspr-5   ERROR [COM]: aRC=VBOX_E_IPRT_ERROR (0x80bb0005) aIID={85632c68-b5bb-4316-a900-5eb28d3413df} aComponent={SessionMachine} aText={Saved screenshot data is not available (VERR_NOT_SUPPORTED)}, preserve=false aResultDetail=-37
00:02:18.597735 nspr-5   NetIfAdpCtlOut: VBoxNetAdpCtl: Error while retrieving link speed for wlp0s20f3: VBoxNetAdpCtl: ioctl failed: Operation not supported
00:02:18.611780 nspr-6   Saving settings file "/home/camilo/VirtualBox VMs/Gentoo2/Gentoo2.vbox" with version "1.16-linux"
00:02:18.618247 nspr-6   ERROR [COM]: aRC=NS_ERROR_FAILURE (0x80004005) aIID={ad47ad09-787b-44ab-b343-a082a3f2dfb1} aComponent={MediumWrap} aText={Could not open the medium '/home/camilo/VirtualBox VMs/Gentoo2/Snapshots/{41971867-46a2-4261-884d-dada8617e324}.vdi'.
00:02:18.618252 nspr-6   VD: error VERR_FILE_NOT_FOUND opening image file '/home/camilo/VirtualBox VMs/Gentoo2/Snapshots/{41971867-46a2-4261-884d-dada8617e324}.vdi' (VERR_FILE_NOT_FOUND)}, preserve=true  aResultDetail=0
00:02:18.619078 nspr-8   Saving settings file "/home/camilo/VirtualBox VMs/Gentoo2/Gentoo2.vbox" with version "1.16-linux"
00:02:40.648147 nspr-8   Saving settings file "/home/camilo/VirtualBox VMs/Gentoo2/Gentoo2.vbox" with version "1.16-linux"
00:02:40.664642 DeleteSnap ERROR [COM]: aRC=NS_ERROR_FAILURE (0x80004005) aIID={ad47ad09-787b-44ab-b343-a082a3f2dfb1} aComponent={MediumWrap} aText={Could not open the medium '/home/camilo/VirtualBox VMs/Gentoo2/Snapshots/{41971867-46a2-4261-884d-dada8617e324}.vdi'.
00:02:40.664646 DeleteSnap VD: error VERR_FILE_NOT_FOUND opening image file '/home/camilo/VirtualBox VMs/Gentoo2/Snapshots/{41971867-46a2-4261-884d-dada8617e324}.vdi' (VERR_FILE_NOT_FOUND)}, preserve=true  aResultDetail=0
00:02:40.664686 DeleteSnap ERROR [COM]: aRC=NS_ERROR_FAILURE (0x80004005) aIID={85632c68-b5bb-4316-a900-5eb28d3413df} aComponent={SessionMachine} aText={Cannot lock hard disk '/home/camilo/VirtualBox VMs/Gentoo2/Gentoo2.vdi' when deleting a snapshot}, preserve=true  aResultDetail=0
00:02:40.664725 DeleteSnap Saving settings file "/home/camilo/VirtualBox VMs/Gentoo2/Gentoo2.vbox" with version "1.16-linux"
00:03:00.163751 DeleteSnap ERROR [COM]: aRC=NS_ERROR_FAILURE (0x80004005) aIID={ad47ad09-787b-44ab-b343-a082a3f2dfb1} aComponent={MediumWrap} aText={Could not open the medium '/home/camilo/VirtualBox VMs/Gentoo2/Snapshots/{41971867-46a2-4261-884d-dada8617e324}.vdi'.
00:03:00.163757 DeleteSnap VD: error VERR_FILE_NOT_FOUND opening image file '/home/camilo/VirtualBox VMs/Gentoo2/Snapshots/{41971867-46a2-4261-884d-dada8617e324}.vdi' (VERR_FILE_NOT_FOUND)}, preserve=true  aResultDetail=0
00:03:00.163813 DeleteSnap ERROR [COM]: aRC=NS_ERROR_FAILURE (0x80004005) aIID={85632c68-b5bb-4316-a900-5eb28d3413df} aComponent={SessionMachine} aText={Cannot lock hard disk '/home/camilo/VirtualBox VMs/Gentoo2/Gentoo2.vdi' when deleting a snapshot}, preserve=true  aResultDetail=0
00:03:00.163848 DeleteSnap Saving settings file "/home/camilo/VirtualBox VMs/Gentoo2/Gentoo2.vbox" with version "1.16-linux"
00:03:19.654562 nspr-6   NetIfAdpCtlOut: VBoxNetAdpCtl: Error while retrieving link speed for wlp0s20f3: VBoxNetAdpCtl: ioctl failed: Operation not supported
00:03:19.655607 nspr-5   ERROR [COM]: aRC=E_ACCESSDENIED (0x80070005) aIID={85632c68-b5bb-4316-a900-5eb28d3413df} aComponent={MachineWrap} aText={The object functionality is limited}, preserve=false aResultDetail=0
00:03:19.656966 nspr-7   NetIfAdpCtlOut: VBoxNetAdpCtl: Error while retrieving link speed for wlp0s20f3: VBoxNetAdpCtl: ioctl failed: Operation not supported
00:03:19.657562 nspr-3   ERROR [COM]: aRC=E_ACCESSDENIED (0x80070005) aIID={85632c68-b5bb-4316-a900-5eb28d3413df} aComponent={MachineWrap} aText={The object functionality is limited}, preserve=false aResultDetail=0
00:03:48.342610 nspr-4   NetIfAdpCtlOut: VBoxNetAdpCtl: Error while retrieving link speed for wlp0s20f3: VBoxNetAdpCtl: ioctl failed: Operation not supported
00:03:48.343622 nspr-6   ERROR [COM]: aRC=E_ACCESSDENIED (0x80070005) aIID={85632c68-b5bb-4316-a900-5eb28d3413df} aComponent={MachineWrap} aText={The object functionality is limited}, preserve=false aResultDetail=0
00:03:48.344946 nspr-8   NetIfAdpCtlOut: VBoxNetAdpCtl: Error while retrieving link speed for wlp0s20f3: VBoxNetAdpCtl: ioctl failed: Operation not supported
00:03:48.345579 nspr-3   ERROR [COM]: aRC=E_ACCESSDENIED (0x80070005) aIID={85632c68-b5bb-4316-a900-5eb28d3413df} aComponent={MachineWrap} aText={The object functionality is limited}, preserve=false aResultDetail=0
00:04:09.259094 nspr-8   Launched VM: 1275088112 pid: 7208 (0x1c28) frontend: headless name: Gentoo2
00:04:09.308100 nspr-5   Saving settings file "/home/camilo/VirtualBox VMs/Gentoo2/Gentoo2.vbox" with version "1.16-linux"
00:04:09.314308 nspr-5   ERROR [COM]: aRC=NS_ERROR_FAILURE (0x80004005) aIID={ad47ad09-787b-44ab-b343-a082a3f2dfb1} aComponent={MediumWrap} aText={Could not open the medium '/home/camilo/VirtualBox VMs/Gentoo2/Snapshots/{41971867-46a2-4261-884d-dada8617e324}.vdi'.
00:04:09.314313 nspr-5   VD: error VERR_FILE_NOT_FOUND opening image file '/home/camilo/VirtualBox VMs/Gentoo2/Snapshots/{41971867-46a2-4261-884d-dada8617e324}.vdi' (VERR_FILE_NOT_FOUND)}, preserve=true  aResultDetail=0
00:04:09.314992 nspr-8   Saving settings file "/home/camilo/VirtualBox VMs/Gentoo2/Gentoo2.vbox" with version "1.16-linux"
00:07:39.678613 nspr-7   Launched VM: 671175536 pid: 11330 (0x2c42) frontend: GUI/Qt name: Gentoo2
00:07:40.511724 nspr-4   Load [/usr/lib/virtualbox/ExtensionPacks/Oracle_VM_VirtualBox_Extension_Pack/linux.amd64/VBoxHostWebcam.so] vrc=VINF_SUCCESS
00:07:40.692299 nspr-6   ERROR [COM]: aRC=VBOX_E_IPRT_ERROR (0x80bb0005) aIID={85632c68-b5bb-4316-a900-5eb28d3413df} aComponent={SessionMachine} aText={Saved screenshot data is not available (VERR_NOT_SUPPORTED)}, preserve=false aResultDetail=-37
00:07:40.700229 nspr-6   NetIfAdpCtlOut: VBoxNetAdpCtl: Error while retrieving link speed for wlp0s20f3: VBoxNetAdpCtl: ioctl failed: Operation not supported
00:07:40.707321 nspr-4   Saving settings file "/home/camilo/VirtualBox VMs/Gentoo2/Gentoo2.vbox" with version "1.16-linux"
00:07:40.715626 nspr-6   ERROR [COM]: aRC=NS_ERROR_FAILURE (0x80004005) aIID={ad47ad09-787b-44ab-b343-a082a3f2dfb1} aComponent={MediumWrap} aText={UUID {98a54dce-77e6-4c14-a4ed-c297160262f0} of the medium '/home/camilo/VirtualBox VMs/Gentoo2/Snapshots/{41971867-46a2-4261-884d-dada8617e324}.vdi' does not match the value {41971867-46a2-4261-884d-dada8617e324} stored in the media registry ('/home/camilo/.config/VirtualBox/VirtualBox.xml')}, preserve=true  aResultDetail=0
00:07:40.716420 nspr-8   Saving settings file "/home/camilo/VirtualBox VMs/Gentoo2/Gentoo2.vbox" with version "1.16-linux"
00:07:58.542091 nspr-7   Saving settings file "/home/camilo/.config/VirtualBox/VirtualBox.xml" with version "1.14-linux"
00:07:58.547231 nspr-5   Saving settings file "/home/camilo/VirtualBox VMs/Nuevo grupo/Gentoo2/Gentoo2.vbox" with version "1.16-linux"
00:07:58.547256 SaveMediaReg ERROR [COM]: aRC=E_ACCESSDENIED (0x80070005) aIID={85632c68-b5bb-4316-a900-5eb28d3413df} aComponent={MachineWrap} aText={The object functionality is limited}, preserve=false aResultDetail=0
00:07:58.547276 SaveMediaReg ERROR [COM]: aRC=E_ACCESSDENIED (0x80070005) aIID={85632c68-b5bb-4316-a900-5eb28d3413df} aComponent={MachineWrap} aText={The object functionality is limited}, preserve=false aResultDetail=0
00:07:58.558197 SaveMediaReg Saving settings file "/home/camilo/VirtualBox VMs/Nuevo grupo/Gentoo2/Gentoo2.vbox" with version "1.16-linux"
00:07:58.570749 nspr-7   Saving settings file "/home/camilo/.config/VirtualBox/VirtualBox.xml" with version "1.14-linux"
00:07:58.582967 nspr-5   Saving settings file "/home/camilo/.config/VirtualBox/VirtualBox.xml" with version "1.14-linux"
00:07:58.590293 nspr-6   Saving settings file "/home/camilo/.config/VirtualBox/VirtualBox.xml" with version "1.14-linux"
00:08:13.482535 nspr-6   Saving settings file "/home/camilo/.config/VirtualBox/VirtualBox.xml" with version "1.14-linux"
00:08:13.483352 SaveMediaReg ERROR [COM]: aRC=E_ACCESSDENIED (0x80070005) aIID={85632c68-b5bb-4316-a900-5eb28d3413df} aComponent={MachineWrap} aText={The object functionality is limited}, preserve=false aResultDetail=0
00:08:13.483378 nspr-7   Saving settings file "/home/camilo/VirtualBox VMs/Gentoo2/Gentoo2.vbox" with version "1.16-linux"
00:08:13.483387 SaveMediaReg ERROR [COM]: aRC=E_ACCESSDENIED (0x80070005) aIID={85632c68-b5bb-4316-a900-5eb28d3413df} aComponent={MachineWrap} aText={The object functionality is limited}, preserve=false aResultDetail=0
00:08:13.492922 SaveMediaReg Saving settings file "/home/camilo/VirtualBox VMs/Gentoo2/Gentoo2.vbox" with version "1.16-linux"
00:08:13.498742 nspr-7   Saving settings file "/home/camilo/.config/VirtualBox/VirtualBox.xml" with version "1.14-linux"
00:08:13.505832 nspr-6   Saving settings file "/home/camilo/.config/VirtualBox/VirtualBox.xml" with version "1.14-linux"
00:08:13.512930 nspr-3   Saving settings file "/home/camilo/.config/VirtualBox/VirtualBox.xml" with version "1.14-linux"
00:08:22.968100 nspr-7   Saving settings file "/home/camilo/.config/VirtualBox/VirtualBox.xml" with version "1.14-linux"
00:08:32.254997 nspr-5   Saving settings file "/home/camilo/.config/VirtualBox/VirtualBox.xml" with version "1.14-linux"
00:10:55.957593 nspr-8   Saving settings file "/home/camilo/.config/VirtualBox/VirtualBox.xml" with version "1.14-linux"
00:10:56.057925 nspr-3   Saving settings file "/home/camilo/.config/VirtualBox/VirtualBox.xml" with version "1.14-linux"
00:10:56.094328 nspr-7   Saving settings file "/home/camilo/.config/VirtualBox/VirtualBox.xml" with version "1.14-linux"
00:11:02.171291 main     VirtualBox: object deletion starts
00:11:02.187868 main     ERROR [COM]: aRC=VBOX_E_OBJECT_IN_USE (0x80bb000c) aIID={ad47ad09-787b-44ab-b343-a082a3f2dfb1} aComponent={MediumWrap} aText={Medium '/home/camilo/VirtualBox VMs/Kali-Linux-2021.1-vbox-amd64/kali-linux-2021.1-vbox-amd64-disk001.vdi' cannot be closed because it is still attached to 1 virtual machines}, preserve=false aResultDetail=0
00:11:02.188024 main     ERROR [COM]: aRC=VBOX_E_OBJECT_IN_USE (0x80bb000c) aIID={ad47ad09-787b-44ab-b343-a082a3f2dfb1} aComponent={MediumWrap} aText={Medium '/home/camilo/VirtualBox VMs/Gentoo2/Snapshots/{41971867-46a2-4261-884d-dada8617e324}.vdi' cannot be closed because it is still attached to 1 virtual machines}, preserve=false aResultDetail=0
00:11:02.188040 main     ERROR [COM]: aRC=VBOX_E_OBJECT_IN_USE (0x80bb000c) aIID={ad47ad09-787b-44ab-b343-a082a3f2dfb1} aComponent={MediumWrap} aText={Medium '/home/camilo/VirtualBox VMs/Gentoo2/Gentoo2.vdi' cannot be closed because it is still attached to 1 virtual machines}, preserve=false aResultDetail=0
00:11:02.328185 main     HostDnsMonitor: shutting down ...
00:11:02.328333 main     HostDnsMonitor: shut down
00:11:02.581373 Watcher  ERROR [COM]: aRC=E_ACCESSDENIED (0x80070005) aIID={d0a0163f-e254-4e5b-a1f2-011cf991c38d} aComponent={VirtualBoxWrap} aText={The object is not ready}, preserve=false aResultDetail=0
00:11:07.339437 main     {00007fac50019530} HostPowerServiceLinux::~HostPowerServiceLinux: RTThreadWait() for 5000 ms failed with VERR_TIMEOUT
00:11:07.379373 main     VirtualBox: object deleted
